<?xml version="1.0" encoding="UTF-8"?>
<testng-results skipped="0" failed="0" total="1" passed="1">
  <reporter-output>
  </reporter-output>
  <suite name="Default suite" duration-ms="291" started-at="2017-06-30T01:06:49Z" finished-at="2017-06-30T01:06:50Z">
    <groups>
    </groups>
    <test name="Default test" duration-ms="291" started-at="2017-06-30T01:06:49Z" finished-at="2017-06-30T01:06:50Z">
      <class name="com.ibatis.demo.TestiBatisMain">
        <test-method status="PASS" signature="configureiBatis()[pri:0, instance:com.ibatis.demo.TestiBatisMain@66d2e7d9]" name="configureiBatis" is-config="true" duration-ms="154" started-at="2017-06-29T18:06:49Z" finished-at="2017-06-29T18:06:50Z">
          <reporter-output>
          </reporter-output>
        </test-method> <!-- configureiBatis -->
        <test-method status="PASS" signature="testSelectQueryUsingiBatis()[pri:0, instance:com.ibatis.demo.TestiBatisMain@66d2e7d9]" name="testSelectQueryUsingiBatis" duration-ms="124" started-at="2017-06-29T18:06:50Z" finished-at="2017-06-29T18:06:50Z">
          <reporter-output>
          </reporter-output>
        </test-method> <!-- testSelectQueryUsingiBatis -->
      </class> <!-- com.ibatis.demo.TestiBatisMain -->
    </test> <!-- Default test -->
  </suite> <!-- Default suite -->
</testng-results>
